Build started 25.3.2015 г. 8:01:37.
     1>Project "C:\Users\ivayl_000\Documents\GitHub\Peter-Pan\Ivailo\Weekly-Task-1\Weekly-Task-1\Weekly-Task-1.vcxproj" on node 2 (Build target(s)).
     1>ClCompile:
         C:\Program Files (x86)\Microsoft Visual Studio 12.0\VC\bin\CL.exe /c /ZI /nologo /W3 /WX- /sdl /Od /Oy- /D WIN32 /D _DEBUG /D _CONSOLE /D _LIB /D _UNICODE /D UNICODE /Gm /EHsc /RTC1 /MDd /GS /fp:precise /Zc:wchar_t /Zc:forScope /Yc"stdafx.h" /Fp"Debug\Weekly-Task-1.pch" /Fo"Debug\\" /Fd"Debug\vc120.pdb" /Gd /TP /analyze- /errorReport:prompt stdafx.cpp
         stdafx.cpp
     1>c:\users\ivayl_000\documents\github\peter-pan\ivailo\weekly-task-1\weekly-task-1\targetver.h(8): fatal error C1083: Cannot open include file: 'SDKDDKVer.h': No such file or directory
     1>Done Building Project "C:\Users\ivayl_000\Documents\GitHub\Peter-Pan\Ivailo\Weekly-Task-1\Weekly-Task-1\Weekly-Task-1.vcxproj" (Build target(s)) -- FAILED.

Build FAILED.

Time Elapsed 00:00:05.36
